Filename                      Regions    Missed Regions     Cover   Functions  Missed Functions  Executed       Lines      Missed Lines     Cover
-------------------------------------------------------------------------------------------------------------------------------------------------------------------------------------------
cmdline.cpp                        18                 7    61.11%           1                 0   100.00%          26                 8    69.23%
expr.cpp                           91                19    79.12%          50                 6    88.00%         220                36    83.64%
main.c                              1                 0   100.00%           1                 0   100.00%           6                 0   100.00%
-------------------------------------------------------------------------------------------------------------------------------------------------------------------------------------------
TOTAL                             110                26    76.36%          52                 6    88.46%         252                44    82.54%
